<?xml version="1.0" encoding="UTF-8"?>
<!-- Generated by org.testng.reporters.JUnitReportReporter -->
<testsuite hostname="Swasthik" failures="0" tests="1" name="tests.Two" time="6.058" errors="0" timestamp="2024-03-07T19:08:28 IST" skipped="0">
  <testcase classname="tests.Two" name="two" time="6.058"/>
</testsuite> <!-- tests.Two -->
