<?xml version="1.0" encoding="UTF-8"?>
<!-- Generated by org.testng.reporters.JUnitReportReporter -->
<testsuite hostname="Swasthik" failures="0" tests="1" name="tests.One" time="3.747" errors="0" timestamp="2024-03-07T19:08:28 IST" skipped="0">
  <testcase classname="tests.One" name="one" time="3.747"/>
</testsuite> <!-- tests.One -->
