<?xml version="1.0" encoding="UTF-8"?>
<!-- Generated by org.testng.reporters.JUnitReportReporter -->
<testsuite hostname="Swasthik" failures="0" tests="2" name="tests.LoginTest" time="17.143" errors="0" timestamp="2024-03-07T14:17:23 IST" skipped="0">
  <testcase classname="tests.LoginTest" name="login" time="5.667"/>
  <testcase classname="tests.LoginTest" name="login" time="11.476"/>
</testsuite> <!-- tests.LoginTest -->
