<?xml version="1.0" encoding="UTF-8"?>
<!-- Generated by org.testng.reporters.JUnitReportReporter -->
<testsuite hostname="Swasthik" failures="0" tests="1" name="runner.Runner" time="6.646" errors="0" timestamp="2024-03-07T19:48:15 IST" skipped="0">
  <testcase classname="runner.Runner" name="runScenario" time="6.646"/>
</testsuite> <!-- runner.Runner -->
